<?xml version="1.0" encoding="UTF-8"?>
<!-- Generated by org.testng.reporters.JUnitReportReporter -->
<testsuite skipped="0" hostname="DESKTOP-EAQ3151" name="a_basic.BasicPost_ForRandomApi" tests="1" failures="0" timestamp="13 Jan 2019 17:37:24 GMT" time="2.923" errors="0">
  <testcase name="basicPost_ForRandomApi" time="2.923" classname="a_basic.BasicPost_ForRandomApi"/>
</testsuite> <!-- a_basic.BasicPost_ForRandomApi -->
