<?xml version="1.0" encoding="UTF-8"?>
<!-- Generated by org.testng.reporters.JUnitReportReporter -->
<testsuite skipped="0" hostname="DESKTOP-EAQ3151" name="b_covertingandparsingjson_GSON.ConvertingJavaObjectToJsonObject_Marshalling" tests="1" failures="0" timestamp="19 Jan 2019 15:14:24 GMT" time="0.094" errors="0">
  <testcase name="javaobject2jsonobject" time="0.094" classname="b_covertingandparsingjson_GSON.ConvertingJavaObjectToJsonObject_Marshalling"/>
</testsuite> <!-- b_covertingandparsingjson_GSON.ConvertingJavaObjectToJsonObject_Marshalling -->
