<?xml version="1.0" encoding="UTF-8"?>
<!-- Generated by org.testng.reporters.JUnitReportReporter -->
<testsuite skipped="0" hostname="DESKTOP-EAQ3151" name="a_basic.BasicGetGoogleApi" tests="1" failures="0" timestamp="13 Jan 2019 17:11:56 GMT" time="3.665" errors="0">
  <testcase name="basicGetGoogleApi" time="3.665" classname="a_basic.BasicGetGoogleApi"/>
</testsuite> <!-- a_basic.BasicGetGoogleApi -->
