<?xml version="1.0" encoding="UTF-8"?>
<!-- Generated by org.testng.reporters.JUnitReportReporter -->
<testsuite skipped="0" hostname="DESKTOP-EAQ3151" name="a_basic.BasicMethods_ForTestApi" tests="1" failures="0" timestamp="15 Jan 2019 06:10:45 GMT" time="5.506" errors="0">
  <testcase name="basicPut_ForTestApi" time="5.506" classname="a_basic.BasicMethods_ForTestApi"/>
</testsuite> <!-- a_basic.BasicMethods_ForTestApi -->
