<?xml version="1.0" encoding="UTF-8"?>
<!-- Generated by org.testng.reporters.JUnitReportReporter -->
<testsuite skipped="0" hostname="DESKTOP-EAQ3151" name="com.restapitestingframework.testscripts.CreateCutomerTests" tests="1" failures="0" timestamp="26 Jan 2019 18:19:21 GMT" time="3.364" errors="0">
  <testcase name="createCustomerFirstTest" time="3.364" classname="com.restapitestingframework.testscripts.CreateCutomerTests"/>
</testsuite> <!-- com.restapitestingframework.testscripts.CreateCutomerTests -->
