<?xml version="1.0" encoding="UTF-8"?>
<!-- Generated by org.testng.reporters.JUnitReportReporter -->
<testsuite skipped="0" hostname="DESKTOP-EAQ3151" name="com.restapitestingframework.restapi.RestApis" tests="1" failures="0" timestamp="26 Jan 2019 16:55:54 GMT" time="3.906" errors="0">
  <testcase name="test" time="3.906" classname="com.restapitestingframework.restapi.RestApis"/>
</testsuite> <!-- com.restapitestingframework.restapi.RestApis -->
