<?xml version="1.0" encoding="UTF-8"?>
<!-- Generated by org.testng.reporters.JUnitReportReporter -->
<testsuite skipped="0" hostname="DESKTOP-EAQ3151" name="com.restapitestingframework.testscripts.CreateCutomerTests" tests="1" failures="0" timestamp="07 Feb 2019 18:55:33 GMT" time="1.251" errors="0">
  <testcase name="createCustomerFirstTest" time="1.251" classname="com.restapitestingframework.testscripts.CreateCutomerTests"/>
</testsuite> <!-- com.restapitestingframework.testscripts.CreateCutomerTests -->
