<?xml version="1.0" encoding="UTF-8"?>
<!-- Generated by org.testng.reporters.JUnitReportReporter -->
<testsuite skipped="0" hostname="DESKTOP-EAQ3151" name="com.restapitestingframework.testscripts.GetCutomerTests" tests="5" failures="0" timestamp="29 Jan 2019 20:54:21 GMT" time="10.551" errors="0">
  <testcase name="updateCustomerTest" time="1.270" classname="com.restapitestingframework.testscripts.GetCutomerTests"/>
  <testcase name="createCustomerTest" time="3.458" classname="com.restapitestingframework.testscripts.GetCutomerTests"/>
  <testcase name="updateCustomerTest" time="1.275" classname="com.restapitestingframework.testscripts.GetCutomerTests"/>
  <testcase name="createCustomerTest" time="1.360" classname="com.restapitestingframework.testscripts.GetCutomerTests"/>
  <testcase name="getCustomerTest" time="3.188" classname="com.restapitestingframework.testscripts.GetCutomerTests"/>
</testsuite> <!-- com.restapitestingframework.testscripts.GetCutomerTests -->
