<?xml version="1.0" encoding="UTF-8"?>
<!-- Generated by org.testng.reporters.JUnitReportReporter -->
<testsuite skipped="0" hostname="DESKTOP-EAQ3151" name="com.restapitestingframework.testscripts.GetCutomerTests" tests="5" failures="0" timestamp="07 Feb 2019 18:55:33 GMT" time="10.778" errors="0">
  <testcase name="createCustomerTest" time="1.097" classname="com.restapitestingframework.testscripts.GetCutomerTests"/>
  <testcase name="updateCustomerTest" time="1.260" classname="com.restapitestingframework.testscripts.GetCutomerTests"/>
  <testcase name="createCustomerTest" time="4.150" classname="com.restapitestingframework.testscripts.GetCutomerTests"/>
  <testcase name="updateCustomerTest" time="1.283" classname="com.restapitestingframework.testscripts.GetCutomerTests"/>
  <testcase name="getCustomerTest" time="2.988" classname="com.restapitestingframework.testscripts.GetCutomerTests"/>
</testsuite> <!-- com.restapitestingframework.testscripts.GetCutomerTests -->
