<?xml version="1.0" encoding="UTF-8"?>
<!-- Generated by org.testng.reporters.JUnitReportReporter -->
<testsuite skipped="0" hostname="DESKTOP-EAQ3151" name="com.restapitestingframework.testscripts.UpdateCutomerTests" tests="4" failures="0" timestamp="27 Jan 2019 10:44:46 GMT" time="6.960" errors="0">
  <testcase name="updateCustomerTest" time="0.999" classname="com.restapitestingframework.testscripts.UpdateCutomerTests"/>
  <testcase name="createCustomerTest" time="1.428" classname="com.restapitestingframework.testscripts.UpdateCutomerTests"/>
  <testcase name="createCustomerTest" time="3.368" classname="com.restapitestingframework.testscripts.UpdateCutomerTests"/>
  <testcase name="updateCustomerTest" time="1.165" classname="com.restapitestingframework.testscripts.UpdateCutomerTests"/>
</testsuite> <!-- com.restapitestingframework.testscripts.UpdateCutomerTests -->
