<?xml version="1.0" encoding="UTF-8"?>
<!-- Generated by org.testng.reporters.JUnitReportReporter -->
<testsuite skipped="0" hostname="DESKTOP-EAQ3151" name="com.restapitestingframework.testscripts.UpdateCutomerTests" tests="4" failures="0" timestamp="07 Feb 2019 18:55:33 GMT" time="4.697" errors="0">
  <testcase name="updateCustomerTest" time="1.259" classname="com.restapitestingframework.testscripts.UpdateCutomerTests"/>
  <testcase name="createCustomerTest" time="1.291" classname="com.restapitestingframework.testscripts.UpdateCutomerTests"/>
  <testcase name="createCustomerTest" time="1.186" classname="com.restapitestingframework.testscripts.UpdateCutomerTests"/>
  <testcase name="updateCustomerTest" time="0.961" classname="com.restapitestingframework.testscripts.UpdateCutomerTests"/>
</testsuite> <!-- com.restapitestingframework.testscripts.UpdateCutomerTests -->
