<?xml version="1.0" encoding="UTF-8"?>
<!-- Generated by org.testng.reporters.JUnitReportReporter -->
<testsuite skipped="0" hostname="DESKTOP-EAQ3151" name="com.restapitestingframework.testscripts.GetCustomerTests" tests="7" failures="0" timestamp="10 Feb 2019 10:15:56 GMT" time="13.756" errors="0">
  <testcase name="getCustomerTest" time="4.284" classname="com.restapitestingframework.testscripts.GetCustomerTests"/>
  <testcase name="updateCustomerTest" time="1.237" classname="com.restapitestingframework.testscripts.GetCustomerTests"/>
  <testcase name="createCustomerFirstTest" time="1.781" classname="com.restapitestingframework.testscripts.GetCustomerTests"/>
  <testcase name="updateCustomerTest" time="1.172" classname="com.restapitestingframework.testscripts.GetCustomerTests"/>
  <testcase name="createCustomerFirstTest" time="3.203" classname="com.restapitestingframework.testscripts.GetCustomerTests"/>
  <testcase name="createCustomerFirstTest" time="1.219" classname="com.restapitestingframework.testscripts.GetCustomerTests"/>
  <testcase name="updateCustomerTest" time="0.860" classname="com.restapitestingframework.testscripts.GetCustomerTests"/>
</testsuite> <!-- com.restapitestingframework.testscripts.GetCustomerTests -->
