<?xml version="1.0" encoding="UTF-8"?>
<!-- Generated by org.testng.reporters.JUnitReportReporter -->
<testsuite skipped="0" hostname="DESKTOP-EAQ3151" name="com.restapitestingframework.testscripts.DeleteCustomer" tests="6" failures="0" timestamp="01 Feb 2019 10:53:55 GMT" time="12.579" errors="0">
  <testcase name="updateCustomerTest" time="1.061" classname="com.restapitestingframework.testscripts.DeleteCustomer"/>
  <testcase name="createCustomerTest" time="4.176" classname="com.restapitestingframework.testscripts.DeleteCustomer"/>
  <testcase name="updateCustomerTest" time="1.147" classname="com.restapitestingframework.testscripts.DeleteCustomer"/>
  <testcase name="createCustomerTest" time="1.072" classname="com.restapitestingframework.testscripts.DeleteCustomer"/>
  <testcase name="getCustomerTest" time="2.566" classname="com.restapitestingframework.testscripts.DeleteCustomer"/>
  <testcase name="deleteCustomerTest" time="2.557" classname="com.restapitestingframework.testscripts.DeleteCustomer"/>
</testsuite> <!-- com.restapitestingframework.testscripts.DeleteCustomer -->
