<?xml version="1.0" encoding="UTF-8"?>
<!-- Generated by org.testng.reporters.JUnitReportReporter -->
<testsuite skipped="0" hostname="DESKTOP-EAQ3151" name="com.restapitestingframework.testscripts.GetCutomerTests" tests="5" failures="0" timestamp="01 Feb 2019 09:58:54 GMT" time="30.765" errors="0">
  <testcase name="updateCustomerTest" time="1.186" classname="com.restapitestingframework.testscripts.GetCutomerTests"/>
  <testcase name="createCustomerTest" time="23.900" classname="com.restapitestingframework.testscripts.GetCutomerTests"/>
  <testcase name="updateCustomerTest" time="1.029" classname="com.restapitestingframework.testscripts.GetCutomerTests"/>
  <testcase name="createCustomerTest" time="1.207" classname="com.restapitestingframework.testscripts.GetCutomerTests"/>
  <testcase name="getCustomerTest" time="3.443" classname="com.restapitestingframework.testscripts.GetCutomerTests"/>
</testsuite> <!-- com.restapitestingframework.testscripts.GetCutomerTests -->
