<?xml version="1.0" encoding="UTF-8"?>
<!-- Generated by org.testng.reporters.JUnitReportReporter -->
<testsuite skipped="0" hostname="DESKTOP-EAQ3151" name="com.restapitestingframework.testscripts.UpdateCustomerTests" tests="6" failures="0" timestamp="10 Feb 2019 10:14:10 GMT" time="9.697" errors="0">
  <testcase name="updateCustomerTest" time="1.409" classname="com.restapitestingframework.testscripts.UpdateCustomerTests"/>
  <testcase name="createCustomerFirstTest" time="3.391" classname="com.restapitestingframework.testscripts.UpdateCustomerTests"/>
  <testcase name="createCustomerFirstTest" time="1.390" classname="com.restapitestingframework.testscripts.UpdateCustomerTests"/>
  <testcase name="updateCustomerTest" time="0.900" classname="com.restapitestingframework.testscripts.UpdateCustomerTests"/>
  <testcase name="createCustomerFirstTest" time="1.498" classname="com.restapitestingframework.testscripts.UpdateCustomerTests"/>
  <testcase name="updateCustomerTest" time="1.109" classname="com.restapitestingframework.testscripts.UpdateCustomerTests"/>
</testsuite> <!-- com.restapitestingframework.testscripts.UpdateCustomerTests -->
