<?xml version="1.0" encoding="UTF-8"?>
<!-- Generated by org.testng.reporters.JUnitReportReporter -->
<testsuite skipped="0" hostname="DESKTOP-EAQ3151" name="com.restapitestingframework.testscripts.UpdateCutomerTests" tests="4" failures="0" timestamp="29 Jan 2019 20:15:08 GMT" time="9.406" errors="0">
  <testcase name="updateCustomerTest" time="1.528" classname="com.restapitestingframework.testscripts.UpdateCutomerTests"/>
  <testcase name="updateCustomerTest" time="1.333" classname="com.restapitestingframework.testscripts.UpdateCutomerTests"/>
  <testcase name="createCustomerTest" time="4.486" classname="com.restapitestingframework.testscripts.UpdateCutomerTests"/>
  <testcase name="createCustomerTest" time="2.059" classname="com.restapitestingframework.testscripts.UpdateCutomerTests"/>
</testsuite> <!-- com.restapitestingframework.testscripts.UpdateCutomerTests -->
